Name        halfpop   
----------  ----------
Albania     1400069.0 
Greece      5408143.0 
Macedonia   1029897.0 
Serbia      3560333.0 
Montenegro  310014.5  
Kosovo      866936.0  
Andorra     39057.5   
France      32466700.0
Spain       23407958.0
Austria     4249879.5 
Name        Country     Province    Population  Latitude    Longitude   Elevation 
----------  ----------  ----------  ----------  ----------  ----------  ----------
Manchester  GB          North West  510746      NULL        NULL        NULL      
Manchester  USA         New Hampsh  109571      NULL        NULL        NULL      
Name      
----------
Mannheim  
Manisa    
Manchester
Manzhouli 
Mandalay  
Manado    
Manokwari 
Manbij    
Manila    
Mandaluyon
Manchester
Managua   
Manzanillo
Manizales 
Manaus    
Mansa     
Mangaung  
Man       
Name            Name                                       
--------------  -------------------------------------------
United Kingdom  International Mobile Satellite Organization
Name            Islands   
--------------  ----------
American Samoa  1         
Anguilla        1         
Antigua and Ba  2         
Aruba           1         
Australia       3         
Bahamas         1         
Bahrain         1         
Barbados        1         
Bermuda         1         
British Virgin  1         
Brunei          1         
Canada          12        
Cape Verde      2         
Cayman Islands  3         
Chile           1         
China           1         
Christmas Isla  1         
Cocos Islands   1         
Colombia        1         
Comoros         3         
Cook Islands    1         
Cuba            1         
Curacao         1         
Cyprus          1         
Denmark         6         
Dominica        1         
Dominican Repu  1         
Ecuador         1         
Equatorial Gui  1         
Estonia         2         
Falkland Islan  2         
Faroe Islands   1         
Fiji            2         
Finland         1         
France          1         
French Polynes  1         
Germany         15        
Greece          13        
Greenland       1         
Grenada         1         
Guadeloupe      2         
Guam            1         
Guernsey        1         
Haiti           1         
Hungary         2         
Iceland         1         
India           2         
Indonesia       18        
Iran            3         
Ireland         1         
Isle of Man     1         
Italy           11        
Jamaica         1         
Japan           5         
Jersey          1         
Kiribati        1         
Madagascar      1         
Malaysia        2         
Maldives        1         
Malta           2         
Marshall Islan  1         
Martinique      1         
Mauritius       1         
Mayotte         1         
Micronesia      1         
Montserrat      1         
Nauru           1         
Netherlands     5         
New Caledonia   1         
New Zealand     2         
Nicaragua       1         
Niue            1         
Norfolk Island  1         
Northern Maria  3         
Norway          1         
Palau           2         
Papua New Guin  2         
Philippines     10        
Pitcairn        1         
Poland          1         
Portugal        11        
Puerto Rico     1         
Reunion         1         
Russia          5         
Saint Barthele  1         
Saint Helena    3         
Saint Kitts an  2         
Saint Lucia     1         
Saint Martin    1         
Saint Pierre a  2         
Saint Vincent   1         
Samoa           2         
Sao Tome and P  2         
Serbia          1         
Seychelles      1         
Singapore       1         
Sint Maarten    1         
Slovakia        2         
Solomon Island  1         
South Korea     1         
Spain           11        
Sri Lanka       1         
Svalbard        1         
Sweden          2         
Taiwan          1         
Tanzania        2         
Thailand        2         
Timor-Leste     1         
Tokelau         1         
Tonga           1         
Trinidad and T  2         
Turks and Caic  3         
Tuvalu          1         
United Kingdom  22        
United States   16        
Vanuatu         1         
Virgin Islands  1         
Wallis and Fut  2         
Yemen           1         
